C51 COMPILER V9.60.7.0   MAIN                                                              12/23/2023 15:27:54 PAGE 1   


C51 COMPILER V9.60.7.0, COMPILATION OF MODULE MAIN
OBJECT MODULE PLACED IN .\build\Release\src\main.o
COMPILER INVOKED BY: c:\Program Files (x86)\Keil_v5\C51\BIN\C51.exe .\SRC\MAIN.C OMF2 TABS(4) CODE NOCOND SYMBOLS PRINT(
                    -.\build\Release\src\main.lst) INCDIR(../../../../../../../Program Files (x86)/Keil_v5/C51/INC;src) DEFINE(__UVISION_VERS
                    -ION=526) OPTIMIZE(8,SPEED) SMALL ROM(LARGE) OBJECT(.\build\Release\src\main.o)

line level    source

   1          #include <reg52.h>
   2          
   3          sbit ADDR0 = P1 ^ 0;
   4          sbit ADDR1 = P1 ^ 1;
   5          sbit ADDR2 = P1 ^ 2;
   6          sbit ADDR3 = P1 ^ 3;
   7          sbit ENLED = P1 ^ 4;
   8          
   9          sbit BUZZ = P1 ^ 6;
  10          
  11          sbit KEY1 = P2 ^ 4;
  12          sbit KEY2 = P2 ^ 5;
  13          sbit KEY3 = P2 ^ 6;
  14          sbit KEY4 = P2 ^ 7;
  15          
  16          
  17          /**
  18           * @author achieveil,atnhaoyang
  19           * @date 2023/12/22
  20           */
  21          
  22          unsigned char code LedChar[] = { // Êï∞Á†ÅÁÆ°ÊòæÁ§∫Â≠óÁ¨¶ËΩ¨Êç¢Ë°®
  23              0xC0, 0xF9, 0xA4, 0xB0, 0x99, 0x92, 0x82, 0xF8,
  24              0x80, 0x90, 0x88, 0x83, 0xC6, 0xA1, 0x86, 0x8E};
  25          unsigned char LedBuff[6] = { // Êï∞Á†ÅÁÆ°ÊòæÁ§∫ÁºìÂÜ≤Âå∫
  26              0xFF, 0xFF, 0xFF, 0xFF, 0xFF, 0xFF};
  27          unsigned char KeySta[4] = { // ÊåâÈîÆÂΩìÂâçÁä∂ÊÄÅ
  28              1, 1, 1, 1};
  29          
  30          bit RunFLag      = 0;  // ÁßíË°®ËøêË°åÊ†áÂøó
  31          bit Refresh      = 1;  // ÁßíË°®ËÆ°Êï∞Âà∑Êñ∞Ê†áÂøó
  32          signed char Low  = 24; // ‰Ωé2‰ΩçÊòæÁ§∫24ÁßíËÆ°Êó∂Ââ©‰Ωô
  33          signed char Mid  = 0;  // ‰∏≠Èó¥2‰ΩçÊòæÁ§∫ËÆ°Êó∂Ââ©‰ΩôÁßíÊï∞
  34          signed char High = 12; // 6‰ΩçÊï∞Á†ÅÁÆ°ÁöÑÈ´ò2‰ΩçÊòæÁ§∫ËÆ°Êó∂Ââ©‰ΩôÂàÜÈíüÊï∞
  35          
  36          void Load();
  37          void KeyDriver();
  38          void all();
  39          void Reset();
  40          void StartBuzz();
  41          
  42          void main()
  43          {
  44   1          EA    = 1; // ÂºÄÊÄª‰∏≠Êñ≠
  45   1          ENLED = 0; // ‰ΩøËÉΩÈÄâÊã©Êï∞Á†ÅÁÆ°
  46   1          ADDR3 = 1;
  47   1          TMOD  = 0x01;
  48   1          TH0   = 0xF8; // T0ÂÆöÊó∂2ms
  49   1          TL0   = 0xCD;
  50   1          ET0   = 1;
  51   1          TR0   = 1;
  52   1      
  53   1          P2 = 0xF7; // P2.3ÁΩÆ0ÔºåÈÄâÊã©Á¨¨1Ë°åÊåâÈîÆ‰Ωú‰∏∫Áã¨Á´ãÊåâÈîÆ
C51 COMPILER V9.60.7.0   MAIN                                                              12/23/2023 15:27:54 PAGE 2   

  54   1      
  55   1          while (1) {
  56   2              Load();
  57   2              KeyDriver(); // Ë∞ÉÁî®ÊåâÈîÆÈ©±Âä®ÂáΩÊï∞
  58   2          }
  59   1      }
  60          
  61          // Â∞ÜÊï∞Á†ÅÁÆ°ÁöÑÂÄºÂä†ËΩΩÂà∞ÁºìÂÜ≤Âå∫
  62          void Load()
  63          {
  64   1          // 24ÈÉ®ÂàÜÂä†ËΩΩÂà∞‰Ωé2‰Ωç
  65   1          LedBuff[0] = LedChar[Low % 10];
  66   1          LedBuff[1] = LedChar[Low / 10];
  67   1          // ÁßíÈÉ®ÂàÜÂä†ËΩΩÂà∞‰∏≠2‰Ωç
  68   1          LedBuff[2] = LedChar[Mid % 10];
  69   1          LedBuff[3] = LedChar[Mid / 10];
  70   1          // ÂàÜÈÉ®ÂàÜÂä†ËΩΩÂà∞È´ò2‰Ωç
  71   1          LedBuff[4] = LedChar[High % 10];
  72   1          LedBuff[5] = LedChar[High / 10];
  73   1      
  74   1          LedBuff[2] &= 0x7F; // ÁÇπ‰∫ÆÂ∞èÊï∞ÁÇπ
  75   1      }
  76          
  77          // ÁßíË°®Â§ç‰ΩçÂáΩÊï∞
  78          void Reset()
  79          {
  80   1          Low = 24;
  81   1          Load(); // Á°Æ‰øùÊöÇÂÅúÊó∂ÂèØ‰ª•ËÆ≤24Â§ç‰Ωç
  82   1      }
  83          
  84          // ÁßíË°®ËÆ°Êï∞ÂáΩÊï∞ÔºåÊØèÈöî1sË∞ÉÁî®‰∏ÄÊ¨°ËøõË°åÁßíË°®ËÆ°Êï∞Á¥ØÂä†
  85          void Count()
  86          {
  87   1          unsigned int i = 0;
  88   1          if (RunFLag) // ÂΩìÂ§Ñ‰∫éËøêË°åÁä∂ÊÄÅÊó∂ÈÄíÂ¢ûËÆ°Êï∞ÂÄº
  89   1          {
  90   2              Low--;        // 24ÈÉ®ÂàÜ-1
  91   2              if (Low <= 0) // 24ÈÉ®ÂàÜ‰∏∫0
  92   2              {
  93   3                  if (Mid >= 24 || High > 0)
  94   3                      Low = 24;
  95   3                  else if (Mid < 24)
  96   3                      Low = 0;
  97   3              }
  98   2              if (Mid <= 0) // ‰∏≠Èó¥‰∏§‰Ωç‰∏∫0ÔºåÈáçÊñ∞ËÆ°Êó∂ÔºåÈ´ò‰∏§‰ΩçÂáè1
  99   2              {
 100   3                  Mid = 60;
 101   3                  High--;
 102   3              }
 103   2              Mid--;
 104   2              if (High == 0 && Mid == 0) // ËÆ°Êó∂ÁªìÊùüÔºåÂÖ®ÈÉ®ÁÇπ‰∫Æ
 105   2              {
 106   3                  all();
 107   3              }
 108   2          }
 109   1      }
 110          
 111          // ÊåâÈîÆÈ©±Âä®ÂáΩÊï∞ÔºåÊ£ÄÊµãÊåâÈîÆÂä®‰Ωú
 112          void KeyDriver()
 113          {
 114   1          unsigned char i;
 115   1          static unsigned char backup[4] = {1, 1, 1, 1};
C51 COMPILER V9.60.7.0   MAIN                                                              12/23/2023 15:27:54 PAGE 3   

 116   1      
 117   1          for (i = 0; i < 4; i++) // Âæ™ÁéØÊ£ÄÊµã4‰∏™ÊåâÈîÆ
 118   1          {
 119   2              if (backup[i] != KeySta[i]) // Ê£ÄÊµãÊåâÈîÆÂä®‰Ωú
 120   2              {
 121   3                  if (backup[i] != 0) // ÊåâÈîÆÊåâ‰∏ãÊó∂ÊâßË°åÂä®‰Ωú
 122   3                  {
 123   4                      if (i == 1) // EscÈîÆÂ§ç‰ΩçÁßíË°®
 124   4                          Reset();
 125   4                      else if (i == 0) // ÂõûËΩ¶ÈîÆÂêØÂÅúÁßíË°®
 126   4                          RunFLag = ~RunFLag;
 127   4                  }
 128   3                  backup[i] = KeySta[i]; // Âà∑Êñ∞Ââç‰∏ÄÊ¨°ÁöÑÂ§á‰ªΩÂÄº
 129   3              }
 130   2          }
 131   1      }
 132          
 133          // ÊåâÈîÆÊâ´ÊèèÂáΩÊï∞
 134          void KeyScan()
 135          {
 136   1          unsigned char i;
 137   1          static unsigned char keybuf[4] = {// ÊåâÈîÆÊâ´ÊèèÁºìÂÜ≤Âå∫
 138   1                                            0xFF, 0xFF, 0xFF, 0xFF};
 139   1      
 140   1          // ÊåâÈîÆÂÄºÁßªÂÖ•ÁºìÂÜ≤Âå∫
 141   1          keybuf[0] = (keybuf[0] << 1) | KEY1;
 142   1          keybuf[1] = (keybuf[1] << 1) | KEY2;
 143   1          keybuf[2] = (keybuf[2] << 1) | KEY3;
 144   1          keybuf[3] = (keybuf[3] << 1) | KEY4;
 145   1      
 146   1          // Ê∂àÊäñÂêéÊõ¥Êñ∞ÊåâÈîÆÁä∂ÊÄÅ
 147   1          for (i = 0; i < 2; i++) {
 148   2              if (keybuf[i] == 0x00) { // ËøûÁª≠8Ê¨°Êâ´ÊèèÂÄº‰∏∫0ÔºåÂç≥16msÂÜÖÈÉΩÊòØÊåâ‰∏ãÁä∂ÊÄÅÊó∂ÔºåÂèØËÆ§‰∏∫Ê
             -åâÈîÆÂ∑≤Á®≥ÂÆöÁöÑÊåâ‰∏ã
 149   3                  KeySta[i] = 0;
 150   3              } else if (keybuf[i] == 0xFF) { // ËøûÁª≠8Ê¨°Êâ´ÊèèÂÄº‰∏∫1ÔºåÂç≥16msÂÜÖÈÉΩÊòØÂºπËµ∑Áä∂ÊÄÅÊó∂ÔºåÂèØ
             -ËÆ§‰∏∫ÊåâÈîÆÂ∑≤Á®≥ÂÆöÁöÑÂºπËµ∑
 151   3                  KeySta[i] = 1;
 152   3              }
 153   2          }
 154   1      }
 155          
 156          // Êï∞Á†ÅÁÆ°Âä®ÊÄÅÊâ´ÊèèÂà∑Êñ∞ÂáΩÊï∞ÔºåÈúÄÂú®ÂÆöÊó∂‰∏≠Êñ≠‰∏≠Ë∞ÉÁî®
 157          void LedScan()
 158          {
 159   1          static unsigned char i = 0; // Âä®ÊÄÅÊâ´ÊèèÁ¥¢Âºï
 160   1      
 161   1          P0 = 0xFF; // ÂÖ≥Èó≠ÊâÄÊúâÊÆµÈÄâ‰ΩçÔºåÊòæÁ§∫Ê∂àÈöê
 162   1          switch (i) {
 163   2              case 0:
 164   2                  ADDR2 = 0;
 165   2                  ADDR1 = 0;
 166   2                  ADDR0 = 0;
 167   2                  i++;
 168   2                  P0 = LedBuff[0];
 169   2                  break;
 170   2              case 1:
 171   2                  ADDR2 = 0;
 172   2                  ADDR1 = 0;
 173   2                  ADDR0 = 1;
 174   2                  i++;
 175   2                  P0 = LedBuff[1];
C51 COMPILER V9.60.7.0   MAIN                                                              12/23/2023 15:27:54 PAGE 4   

 176   2                  break;
 177   2              case 2:
 178   2                  ADDR2 = 0;
 179   2                  ADDR1 = 1;
 180   2                  ADDR0 = 0;
 181   2                  i++;
 182   2                  P0 = LedBuff[2];
 183   2                  break;
 184   2              case 3:
 185   2                  ADDR2 = 0;
 186   2                  ADDR1 = 1;
 187   2                  ADDR0 = 1;
 188   2                  i++;
 189   2                  P0 = LedBuff[3];
 190   2                  break;
 191   2              case 4:
 192   2                  ADDR2 = 1;
 193   2                  ADDR1 = 0;
 194   2                  ADDR0 = 0;
 195   2                  i++;
 196   2                  P0 = LedBuff[4];
 197   2                  break;
 198   2              case 5:
 199   2                  ADDR2 = 1;
 200   2                  ADDR1 = 0;
 201   2                  ADDR0 = 1;
 202   2                  i     = 0;
 203   2                  P0    = LedBuff[5];
 204   2                  break;
 205   2              default:
 206   2                  break;
 207   2          }
 208   1      }
 209          void all()
 210          {
 211   1          unsigned char x = 0;
 212   1          unsigned char i = 0;
 213   1          while (1) {
 214   2              P0 = 0xFF;
 215   2              switch (x) {
 216   3                  // ÁÇπ‰∫ÆÊï∞Á†ÅÁÆ°
 217   3                  case 0:
 218   3                      ADDR3 = 1;
 219   3                      ADDR2 = 0;
 220   3                      ADDR1 = 0;
 221   3                      ADDR0 = 0;
 222   3                      x++;
 223   3                      P0 = LedChar[0];
 224   3                      break;
 225   3                  case 1:
 226   3                      ADDR3 = 1;
 227   3                      ADDR2 = 0;
 228   3                      ADDR1 = 0;
 229   3                      ADDR0 = 1;
 230   3                      x++;
 231   3                      P0 = LedChar[0];
 232   3                      break;
 233   3                  case 2:
 234   3                      ADDR3 = 1;
 235   3                      ADDR2 = 0;
 236   3                      ADDR1 = 1;
 237   3                      ADDR0 = 0;
C51 COMPILER V9.60.7.0   MAIN                                                              12/23/2023 15:27:54 PAGE 5   

 238   3                      x++;
 239   3                      P0 = LedChar[0];
 240   3                      break;
 241   3                  case 3:
 242   3                      ADDR3 = 1;
 243   3                      ADDR2 = 0;
 244   3                      ADDR1 = 1;
 245   3                      ADDR0 = 1;
 246   3                      x++;
 247   3                      P0 = LedChar[0];
 248   3                      break;
 249   3                  case 4:
 250   3                      ADDR3 = 1;
 251   3                      ADDR2 = 1;
 252   3                      ADDR1 = 0;
 253   3                      ADDR0 = 0;
 254   3                      x++;
 255   3                      P0 = LedChar[0];
 256   3                      break;
 257   3                  case 5:
 258   3                      ADDR3 = 1;
 259   3                      ADDR2 = 1;
 260   3                      ADDR1 = 0;
 261   3                      ADDR0 = 1;
 262   3                      x++;
 263   3                      P0 = LedChar[0];
 264   3                      break;
 265   3      
 266   3                  // ÁÇπ‰∫ÆÂ∞èÁÅØ
 267   3                  case 6:
 268   3                      ADDR3 = 1;
 269   3                      ADDR2 = 1;
 270   3                      ADDR1 = 1;
 271   3                      ADDR0 = 0;
 272   3                      x++;
 273   3                      P0 = 0x00;
 274   3                      break;
 275   3      
 276   3                  // ÁÇπ‰∫ÆÁÇπÈòµ
 277   3                  case 7:
 278   3                      ADDR3 = 0;
 279   3                      ADDR2 = 0;
 280   3                      ADDR1 = 0;
 281   3                      ADDR0 = 0;
 282   3                      x++;
 283   3                      P0 = 0x00;
 284   3                      break;
 285   3                  case 8:
 286   3                      ADDR3 = 0;
 287   3                      ADDR2 = 0;
 288   3                      ADDR1 = 0;
 289   3                      ADDR0 = 1;
 290   3                      x++;
 291   3                      P0 = 0x00;
 292   3                      break;
 293   3                  case 9:
 294   3                      ADDR3 = 0;
 295   3                      ADDR2 = 0;
 296   3                      ADDR1 = 1;
 297   3                      ADDR0 = 0;
 298   3                      x++;
 299   3                      P0 = 0x00;
C51 COMPILER V9.60.7.0   MAIN                                                              12/23/2023 15:27:54 PAGE 6   

 300   3                      break;
 301   3                  case 10:
 302   3                      ADDR3 = 0;
 303   3                      ADDR2 = 0;
 304   3                      ADDR1 = 1;
 305   3                      ADDR0 = 1;
 306   3                      x++;
 307   3                      P0 = 0x00;
 308   3                      break;
 309   3                  case 11:
 310   3                      ADDR3 = 0;
 311   3                      ADDR2 = 1;
 312   3                      ADDR1 = 0;
 313   3                      ADDR0 = 0;
 314   3                      x++;
 315   3                      P0 = 0x00;
 316   3                      break;
 317   3                  case 12:
 318   3                      ADDR3 = 0;
 319   3                      ADDR2 = 1;
 320   3                      ADDR1 = 0;
 321   3                      ADDR0 = 1;
 322   3                      x++;
 323   3                      P0 = 0x00;
 324   3                      break;
 325   3                  case 13:
 326   3                      ADDR3 = 0;
 327   3                      ADDR2 = 1;
 328   3                      ADDR1 = 1;
 329   3                      ADDR0 = 0;
 330   3                      x++;
 331   3                      P0 = 0x00;
 332   3                      break;
 333   3                  case 14:
 334   3                      ADDR3 = 0;
 335   3                      ADDR2 = 1;
 336   3                      ADDR1 = 1;
 337   3                      ADDR0 = 1;
 338   3                      x     = 0;
 339   3                      P0    = 0x00;
 340   3                      break;
 341   3                  default:
 342   3                      break;
 343   3              }
 344   2              for (i = 0; i <= 200; i++)
 345   2                  ;
 346   2              StartBuzz();
 347   2          }
 348   1      }
 349          
 350          void StartBuzz()
 351          {
 352   1          BUZZ = ~BUZZ;
 353   1      }
 354          
 355          // T0‰∏≠Êñ≠ÊúçÂä°ÂáΩÊï∞ÔºåÂÆåÊàêÊï∞Á†ÅÁÆ°„ÄÅÊåâÈîÆÊâ´Êèè‰∏éÁßíË°®ËÆ°Êï∞
 356          void InterruptTimer0() interrupt 1
 357          {
 358   1          static unsigned int tmr2ms = 0;
 359   1      
 360   1          TH0 = 0xF8; // ÈáçÊñ∞Âä†ËΩΩÈáçËΩΩÂÄº
 361   1          TL0 = 0xCD;
C51 COMPILER V9.60.7.0   MAIN                                                              12/23/2023 15:27:54 PAGE 7   

 362   1          LedScan(); // Êï∞Á†ÅÁÆ°Êâ´ÊèèÊòæÁ§∫
 363   1          KeyScan(); // ÊåâÈîÆÊâ´Êèè
 364   1          // ÂÆöÊó∂10msËøõË°å‰∏ÄÊ¨°ÁßíË°®ËÆ°Êï∞
 365   1          tmr2ms++;
 366   1          if (tmr2ms >= 500) {
 367   2              tmr2ms = 0;
 368   2              Count(); // Ë∞ÉÁî®ÁßíË°®ËÆ°Êï∞ÂáΩÊï∞
 369   2          }
 370   1      }
C51 COMPILER V9.60.7.0   MAIN                                                              12/23/2023 15:27:54 PAGE 8   

ASSEMBLY LISTING OF GENERATED OBJECT CODE


             ; FUNCTION main (BEGIN)
                                           ; SOURCE LINE # 42
                                           ; SOURCE LINE # 43
                                           ; SOURCE LINE # 44
0000 D2AF              SETB    EA
                                           ; SOURCE LINE # 45
0002 C294              CLR     ENLED
                                           ; SOURCE LINE # 46
0004 D293              SETB    ADDR3
                                           ; SOURCE LINE # 47
0006 758901            MOV     TMOD,#01H
                                           ; SOURCE LINE # 48
0009 758CF8            MOV     TH0,#0F8H
                                           ; SOURCE LINE # 49
000C 758ACD            MOV     TL0,#0CDH
                                           ; SOURCE LINE # 50
000F D2A9              SETB    ET0
                                           ; SOURCE LINE # 51
0011 D28C              SETB    TR0
                                           ; SOURCE LINE # 53
0013 75A0F7            MOV     P2,#0F7H
0016         ?C0001:
                                           ; SOURCE LINE # 55
                                           ; SOURCE LINE # 56
0016 120000      R     LCALL   Load
                                           ; SOURCE LINE # 57
0019 120000      R     LCALL   KeyDriver
                                           ; SOURCE LINE # 58
001C 80F8              SJMP    ?C0001
             ; FUNCTION main (END)

             ; FUNCTION Load (BEGIN)
                                           ; SOURCE LINE # 62
                                           ; SOURCE LINE # 63
                                           ; SOURCE LINE # 65
0000 E500        R     MOV     A,Low
0002 75F00A            MOV     B,#0AH
0005 120000      E     LCALL   ?C?SCDIV
0008 AFF0              MOV     R7,B
000A EF                MOV     A,R7
000B 33                RLC     A
000C 95E0              SUBB    A,ACC
000E FE                MOV     R6,A
000F 7400        R     MOV     A,#LOW LedChar
0011 2F                ADD     A,R7
0012 F582              MOV     DPL,A
0014 7400        R     MOV     A,#HIGH LedChar
0016 3E                ADDC    A,R6
0017 F583              MOV     DPH,A
0019 E4                CLR     A
001A 93                MOVC    A,@A+DPTR
001B F500        R     MOV     LedBuff,A
                                           ; SOURCE LINE # 66
001D E500        R     MOV     A,Low
001F 75F00A            MOV     B,#0AH
0022 120000      E     LCALL   ?C?SCDIV
0025 FF                MOV     R7,A
0026 33                RLC     A
0027 95E0              SUBB    A,ACC
C51 COMPILER V9.60.7.0   MAIN                                                              12/23/2023 15:27:54 PAGE 9   

0029 FE                MOV     R6,A
002A 7400        R     MOV     A,#LOW LedChar
002C 2F                ADD     A,R7
002D F582              MOV     DPL,A
002F 7400        R     MOV     A,#HIGH LedChar
0031 3E                ADDC    A,R6
0032 F583              MOV     DPH,A
0034 E4                CLR     A
0035 93                MOVC    A,@A+DPTR
0036 F500        R     MOV     LedBuff+01H,A
                                           ; SOURCE LINE # 68
0038 E500        R     MOV     A,Mid
003A 75F00A            MOV     B,#0AH
003D 120000      E     LCALL   ?C?SCDIV
0040 AFF0              MOV     R7,B
0042 EF                MOV     A,R7
0043 33                RLC     A
0044 95E0              SUBB    A,ACC
0046 FE                MOV     R6,A
0047 7400        R     MOV     A,#LOW LedChar
0049 2F                ADD     A,R7
004A F582              MOV     DPL,A
004C 7400        R     MOV     A,#HIGH LedChar
004E 3E                ADDC    A,R6
004F F583              MOV     DPH,A
0051 E4                CLR     A
0052 93                MOVC    A,@A+DPTR
0053 F500        R     MOV     LedBuff+02H,A
                                           ; SOURCE LINE # 69
0055 E500        R     MOV     A,Mid
0057 75F00A            MOV     B,#0AH
005A 120000      E     LCALL   ?C?SCDIV
005D FF                MOV     R7,A
005E 33                RLC     A
005F 95E0              SUBB    A,ACC
0061 FE                MOV     R6,A
0062 7400        R     MOV     A,#LOW LedChar
0064 2F                ADD     A,R7
0065 F582              MOV     DPL,A
0067 7400        R     MOV     A,#HIGH LedChar
0069 3E                ADDC    A,R6
006A F583              MOV     DPH,A
006C E4                CLR     A
006D 93                MOVC    A,@A+DPTR
006E F500        R     MOV     LedBuff+03H,A
                                           ; SOURCE LINE # 71
0070 E500        R     MOV     A,High
0072 75F00A            MOV     B,#0AH
0075 120000      E     LCALL   ?C?SCDIV
0078 AFF0              MOV     R7,B
007A EF                MOV     A,R7
007B 33                RLC     A
007C 95E0              SUBB    A,ACC
007E FE                MOV     R6,A
007F 7400        R     MOV     A,#LOW LedChar
0081 2F                ADD     A,R7
0082 F582              MOV     DPL,A
0084 7400        R     MOV     A,#HIGH LedChar
0086 3E                ADDC    A,R6
0087 F583              MOV     DPH,A
0089 E4                CLR     A
008A 93                MOVC    A,@A+DPTR
C51 COMPILER V9.60.7.0   MAIN                                                              12/23/2023 15:27:54 PAGE 10  

008B F500        R     MOV     LedBuff+04H,A
                                           ; SOURCE LINE # 72
008D E500        R     MOV     A,High
008F 75F00A            MOV     B,#0AH
0092 120000      E     LCALL   ?C?SCDIV
0095 FF                MOV     R7,A
0096 33                RLC     A
0097 95E0              SUBB    A,ACC
0099 FE                MOV     R6,A
009A 7400        R     MOV     A,#LOW LedChar
009C 2F                ADD     A,R7
009D F582              MOV     DPL,A
009F 7400        R     MOV     A,#HIGH LedChar
00A1 3E                ADDC    A,R6
00A2 F583              MOV     DPH,A
00A4 E4                CLR     A
00A5 93                MOVC    A,@A+DPTR
00A6 F500        R     MOV     LedBuff+05H,A
                                           ; SOURCE LINE # 74
00A8 53007F      R     ANL     LedBuff+02H,#07FH
                                           ; SOURCE LINE # 75
00AB 22                RET     
             ; FUNCTION Load (END)

             ; FUNCTION Reset (BEGIN)
                                           ; SOURCE LINE # 78
                                           ; SOURCE LINE # 79
                                           ; SOURCE LINE # 80
0000 750018      R     MOV     Low,#018H
                                           ; SOURCE LINE # 81
0003 020000      R     LJMP    Load
             ; FUNCTION Reset (END)

             ; FUNCTION Count (BEGIN)
                                           ; SOURCE LINE # 85
                                           ; SOURCE LINE # 86
                                           ; SOURCE LINE # 87
0000 E4                CLR     A
0001 F500        R     MOV     i,A
0003 F500        R     MOV     i+01H,A
                                           ; SOURCE LINE # 88
0005 300048            JNB     RunFLag,?C0014
                                           ; SOURCE LINE # 89
                                           ; SOURCE LINE # 90
0008 1500        R     DEC     Low
                                           ; SOURCE LINE # 91
000A D3                SETB    C
000B E500        R     MOV     A,Low
000D 6480              XRL     A,#080H
000F 9480              SUBB    A,#080H
0011 5022              JNC     ?C0007
                                           ; SOURCE LINE # 92
                                           ; SOURCE LINE # 93
0013 C3                CLR     C
0014 E500        R     MOV     A,Mid
0016 6480              XRL     A,#080H
0018 9498              SUBB    A,#098H
001A 5008              JNC     ?C0009
001C E500        R     MOV     A,High
001E 6480              XRL     A,#080H
0020 9480              SUBB    A,#080H
0022 4005              JC      ?C0008
C51 COMPILER V9.60.7.0   MAIN                                                              12/23/2023 15:27:54 PAGE 11  

0024         ?C0009:
                                           ; SOURCE LINE # 94
0024 750018      R     MOV     Low,#018H
0027 800C              SJMP    ?C0007
0029         ?C0008:
                                           ; SOURCE LINE # 95
0029 C3                CLR     C
002A E500        R     MOV     A,Mid
002C 6480              XRL     A,#080H
002E 9498              SUBB    A,#098H
0030 5003              JNC     ?C0007
                                           ; SOURCE LINE # 96
0032 E4                CLR     A
0033 F500        R     MOV     Low,A
                                           ; SOURCE LINE # 97
0035         ?C0007:
                                           ; SOURCE LINE # 98
0035 D3                SETB    C
0036 E500        R     MOV     A,Mid
0038 6480              XRL     A,#080H
003A 9480              SUBB    A,#080H
003C 5005              JNC     ?C0012
                                           ; SOURCE LINE # 99
                                           ; SOURCE LINE # 100
003E 75003C      R     MOV     Mid,#03CH
                                           ; SOURCE LINE # 101
0041 1500        R     DEC     High
                                           ; SOURCE LINE # 102
0043         ?C0012:
                                           ; SOURCE LINE # 103
0043 1500        R     DEC     Mid
                                           ; SOURCE LINE # 104
0045 E500        R     MOV     A,High
0047 7007              JNZ     ?C0014
0049 E500        R     MOV     A,Mid
004B 7003              JNZ     ?C0014
                                           ; SOURCE LINE # 105
                                           ; SOURCE LINE # 106
004D 120000      R     LCALL   all
                                           ; SOURCE LINE # 107
                                           ; SOURCE LINE # 108
                                           ; SOURCE LINE # 109
0050         ?C0014:
0050 22                RET     
             ; FUNCTION Count (END)

             ; FUNCTION KeyDriver (BEGIN)
                                           ; SOURCE LINE # 112
                                           ; SOURCE LINE # 113
                                           ; SOURCE LINE # 117
0000 E4                CLR     A
0001 F500        R     MOV     i,A
0003         ?C0015:
                                           ; SOURCE LINE # 118
                                           ; SOURCE LINE # 119
0003 7400        R     MOV     A,#LOW KeySta
0005 2500        R     ADD     A,i
0007 F8                MOV     R0,A
0008 E6                MOV     A,@R0
0009 FF                MOV     R7,A
000A 7400        R     MOV     A,#LOW backup
000C 2500        R     ADD     A,i
C51 COMPILER V9.60.7.0   MAIN                                                              12/23/2023 15:27:54 PAGE 12  

000E F8                MOV     R0,A
000F E6                MOV     A,@R0
0010 FE                MOV     R6,A
0011 6F                XRL     A,R7
0012 6021              JZ      ?C0017
                                           ; SOURCE LINE # 120
                                           ; SOURCE LINE # 121
0014 EE                MOV     A,R6
0015 6010              JZ      ?C0019
                                           ; SOURCE LINE # 122
                                           ; SOURCE LINE # 123
0017 E500        R     MOV     A,i
0019 B40105            CJNE    A,#01H,?C0020
                                           ; SOURCE LINE # 124
001C 120000      R     LCALL   Reset
001F 8006              SJMP    ?C0019
0021         ?C0020:
                                           ; SOURCE LINE # 125
0021 E500        R     MOV     A,i
0023 7002              JNZ     ?C0019
                                           ; SOURCE LINE # 126
0025 B200        R     CPL     RunFLag
                                           ; SOURCE LINE # 127
0027         ?C0019:
                                           ; SOURCE LINE # 128
0027 7400        R     MOV     A,#LOW KeySta
0029 2500        R     ADD     A,i
002B F8                MOV     R0,A
002C E6                MOV     A,@R0
002D FF                MOV     R7,A
002E 7400        R     MOV     A,#LOW backup
0030 2500        R     ADD     A,i
0032 F8                MOV     R0,A
0033 A607              MOV     @R0,AR7
                                           ; SOURCE LINE # 129
                                           ; SOURCE LINE # 130
0035         ?C0017:
0035 0500        R     INC     i
0037 E500        R     MOV     A,i
0039 C3                CLR     C
003A 9404              SUBB    A,#04H
003C 40C5              JC      ?C0015
                                           ; SOURCE LINE # 131
003E         ?C0023:
003E 22                RET     
             ; FUNCTION KeyDriver (END)

             ; FUNCTION KeyScan (BEGIN)
                                           ; SOURCE LINE # 134
                                           ; SOURCE LINE # 135
                                           ; SOURCE LINE # 141
0000 E500        R     MOV     A,keybuf
0002 25E0              ADD     A,ACC
0004 FF                MOV     R7,A
0005 A2A4              MOV     C,KEY1
0007 E4                CLR     A
0008 33                RLC     A
0009 4F                ORL     A,R7
000A F500        R     MOV     keybuf,A
                                           ; SOURCE LINE # 142
000C E500        R     MOV     A,keybuf+01H
000E 25E0              ADD     A,ACC
C51 COMPILER V9.60.7.0   MAIN                                                              12/23/2023 15:27:54 PAGE 13  

0010 FF                MOV     R7,A
0011 A2A5              MOV     C,KEY2
0013 E4                CLR     A
0014 33                RLC     A
0015 4F                ORL     A,R7
0016 F500        R     MOV     keybuf+01H,A
                                           ; SOURCE LINE # 143
0018 E500        R     MOV     A,keybuf+02H
001A 25E0              ADD     A,ACC
001C FF                MOV     R7,A
001D A2A6              MOV     C,KEY3
001F E4                CLR     A
0020 33                RLC     A
0021 4F                ORL     A,R7
0022 F500        R     MOV     keybuf+02H,A
                                           ; SOURCE LINE # 144
0024 E500        R     MOV     A,keybuf+03H
0026 25E0              ADD     A,ACC
0028 FF                MOV     R7,A
0029 A2A7              MOV     C,KEY4
002B E4                CLR     A
002C 33                RLC     A
002D 4F                ORL     A,R7
002E F500        R     MOV     keybuf+03H,A
                                           ; SOURCE LINE # 147
;---- Variable 'i' assigned to Register 'R7' ----
0030 E4                CLR     A
0031 FF                MOV     R7,A
0032         ?C0024:
                                           ; SOURCE LINE # 148
0032 7400        R     MOV     A,#LOW keybuf
0034 2F                ADD     A,R7
0035 F8                MOV     R0,A
0036 E6                MOV     A,@R0
0037 FE                MOV     R6,A
0038 7008              JNZ     ?C0027
                                           ; SOURCE LINE # 149
003A 7400        R     MOV     A,#LOW KeySta
003C 2F                ADD     A,R7
003D F8                MOV     R0,A
003E E4                CLR     A
003F F6                MOV     @R0,A
                                           ; SOURCE LINE # 150
0040 800A              SJMP    ?C0026
0042         ?C0027:
0042 EE                MOV     A,R6
0043 B4FF06            CJNE    A,#0FFH,?C0026
                                           ; SOURCE LINE # 151
0046 7400        R     MOV     A,#LOW KeySta
0048 2F                ADD     A,R7
0049 F8                MOV     R0,A
004A 7601              MOV     @R0,#01H
                                           ; SOURCE LINE # 152
                                           ; SOURCE LINE # 153
004C         ?C0026:
004C 0F                INC     R7
004D BF02E2            CJNE    R7,#02H,?C0024
                                           ; SOURCE LINE # 154
0050         ?C0030:
0050 22                RET     
             ; FUNCTION KeyScan (END)

C51 COMPILER V9.60.7.0   MAIN                                                              12/23/2023 15:27:54 PAGE 14  

             ; FUNCTION LedScan (BEGIN)
                                           ; SOURCE LINE # 157
                                           ; SOURCE LINE # 158
                                           ; SOURCE LINE # 161
0000 7580FF            MOV     P0,#0FFH
                                           ; SOURCE LINE # 162
0003 E500        R     MOV     A,i
0005 14                DEC     A
0006 601C              JZ      ?C0033
0008 14                DEC     A
0009 6025              JZ      ?C0034
000B 14                DEC     A
000C 602E              JZ      ?C0035
000E 14                DEC     A
000F 6037              JZ      ?C0036
0011 14                DEC     A
0012 6040              JZ      ?C0037
0014 2405              ADD     A,#05H
0016 7048              JNZ     ?C0039
                                           ; SOURCE LINE # 163
0018         ?C0032:
                                           ; SOURCE LINE # 164
0018 C292              CLR     ADDR2
                                           ; SOURCE LINE # 165
001A C291              CLR     ADDR1
                                           ; SOURCE LINE # 166
001C C290              CLR     ADDR0
                                           ; SOURCE LINE # 167
001E 0500        R     INC     i
                                           ; SOURCE LINE # 168
0020 850080      R     MOV     P0,LedBuff
                                           ; SOURCE LINE # 169
0023 22                RET     
                                           ; SOURCE LINE # 170
0024         ?C0033:
                                           ; SOURCE LINE # 171
0024 C292              CLR     ADDR2
                                           ; SOURCE LINE # 172
0026 C291              CLR     ADDR1
                                           ; SOURCE LINE # 173
0028 D290              SETB    ADDR0
                                           ; SOURCE LINE # 174
002A 0500        R     INC     i
                                           ; SOURCE LINE # 175
002C 850080      R     MOV     P0,LedBuff+01H
                                           ; SOURCE LINE # 176
002F 22                RET     
                                           ; SOURCE LINE # 177
0030         ?C0034:
                                           ; SOURCE LINE # 178
0030 C292              CLR     ADDR2
                                           ; SOURCE LINE # 179
0032 D291              SETB    ADDR1
                                           ; SOURCE LINE # 180
0034 C290              CLR     ADDR0
                                           ; SOURCE LINE # 181
0036 0500        R     INC     i
                                           ; SOURCE LINE # 182
0038 850080      R     MOV     P0,LedBuff+02H
                                           ; SOURCE LINE # 183
003B 22                RET     
                                           ; SOURCE LINE # 184
C51 COMPILER V9.60.7.0   MAIN                                                              12/23/2023 15:27:54 PAGE 15  

003C         ?C0035:
                                           ; SOURCE LINE # 185
003C C292              CLR     ADDR2
                                           ; SOURCE LINE # 186
003E D291              SETB    ADDR1
                                           ; SOURCE LINE # 187
0040 D290              SETB    ADDR0
                                           ; SOURCE LINE # 188
0042 0500        R     INC     i
                                           ; SOURCE LINE # 189
0044 850080      R     MOV     P0,LedBuff+03H
                                           ; SOURCE LINE # 190
0047 22                RET     
                                           ; SOURCE LINE # 191
0048         ?C0036:
                                           ; SOURCE LINE # 192
0048 D292              SETB    ADDR2
                                           ; SOURCE LINE # 193
004A C291              CLR     ADDR1
                                           ; SOURCE LINE # 194
004C C290              CLR     ADDR0
                                           ; SOURCE LINE # 195
004E 0500        R     INC     i
                                           ; SOURCE LINE # 196
0050 850080      R     MOV     P0,LedBuff+04H
                                           ; SOURCE LINE # 197
0053 22                RET     
                                           ; SOURCE LINE # 198
0054         ?C0037:
                                           ; SOURCE LINE # 199
0054 D292              SETB    ADDR2
                                           ; SOURCE LINE # 200
0056 C291              CLR     ADDR1
                                           ; SOURCE LINE # 201
0058 D290              SETB    ADDR0
                                           ; SOURCE LINE # 202
005A E4                CLR     A
005B F500        R     MOV     i,A
                                           ; SOURCE LINE # 203
005D 850080      R     MOV     P0,LedBuff+05H
                                           ; SOURCE LINE # 204
                                           ; SOURCE LINE # 205
                                           ; SOURCE LINE # 206
                                           ; SOURCE LINE # 207
                                           ; SOURCE LINE # 208
0060         ?C0039:
0060 22                RET     
             ; FUNCTION LedScan (END)

             ; FUNCTION all (BEGIN)
                                           ; SOURCE LINE # 209
                                           ; SOURCE LINE # 210
                                           ; SOURCE LINE # 211
0000 E4                CLR     A
0001 F500        R     MOV     x,A
                                           ; SOURCE LINE # 212
0003 F500        R     MOV     i,A
0005         ?C0040:
                                           ; SOURCE LINE # 213
                                           ; SOURCE LINE # 214
0005 7580FF            MOV     P0,#0FFH
                                           ; SOURCE LINE # 215
C51 COMPILER V9.60.7.0   MAIN                                                              12/23/2023 15:27:54 PAGE 16  

0008 E500        R     MOV     A,x
000A B40F00            CJNE    A,#0FH,?C0066
000D         ?C0066:
000D 4003              JC      $ + 5H
000F 020000      R     LJMP    ?C0042
0012 900000      R     MOV     DPTR,#?C0067
0015 F8                MOV     R0,A
0016 28                ADD     A,R0
0017 28                ADD     A,R0
0018 73                JMP     @A+DPTR
0019         ?C0067:
0019 020000      R     LJMP    ?C0043
001C 020000      R     LJMP    ?C0044
001F 020000      R     LJMP    ?C0045
0022 020000      R     LJMP    ?C0046
0025 020000      R     LJMP    ?C0047
0028 020000      R     LJMP    ?C0048
002B 020000      R     LJMP    ?C0049
002E 020000      R     LJMP    ?C0050
0031 020000      R     LJMP    ?C0051
0034 020000      R     LJMP    ?C0052
0037 020000      R     LJMP    ?C0053
003A 020000      R     LJMP    ?C0054
003D 020000      R     LJMP    ?C0055
0040 020000      R     LJMP    ?C0056
0043 020000      R     LJMP    ?C0057
                                           ; SOURCE LINE # 217
0046         ?C0043:
                                           ; SOURCE LINE # 218
0046 D293              SETB    ADDR3
                                           ; SOURCE LINE # 219
0048 C292              CLR     ADDR2
                                           ; SOURCE LINE # 220
                                           ; SOURCE LINE # 221
                                           ; SOURCE LINE # 222
                                           ; SOURCE LINE # 223
                                           ; SOURCE LINE # 224
004A 801A              SJMP    ?C0069
                                           ; SOURCE LINE # 225
004C         ?C0044:
                                           ; SOURCE LINE # 226
004C D293              SETB    ADDR3
                                           ; SOURCE LINE # 227
004E C292              CLR     ADDR2
                                           ; SOURCE LINE # 228
                                           ; SOURCE LINE # 229
                                           ; SOURCE LINE # 230
                                           ; SOURCE LINE # 231
                                           ; SOURCE LINE # 232
0050 801E              SJMP    ?C0070
                                           ; SOURCE LINE # 233
0052         ?C0045:
                                           ; SOURCE LINE # 234
0052 D293              SETB    ADDR3
                                           ; SOURCE LINE # 235
0054 C292              CLR     ADDR2
                                           ; SOURCE LINE # 236
0056 D291              SETB    ADDR1
                                           ; SOURCE LINE # 237
                                           ; SOURCE LINE # 238
                                           ; SOURCE LINE # 239
                                           ; SOURCE LINE # 240
C51 COMPILER V9.60.7.0   MAIN                                                              12/23/2023 15:27:54 PAGE 17  

0058 800E              SJMP    ?C0071
                                           ; SOURCE LINE # 241
005A         ?C0046:
                                           ; SOURCE LINE # 242
005A D293              SETB    ADDR3
                                           ; SOURCE LINE # 243
005C C292              CLR     ADDR2
                                           ; SOURCE LINE # 244
005E D291              SETB    ADDR1
                                           ; SOURCE LINE # 245
                                           ; SOURCE LINE # 246
                                           ; SOURCE LINE # 247
                                           ; SOURCE LINE # 248
0060 8010              SJMP    ?C0072
                                           ; SOURCE LINE # 249
0062         ?C0047:
                                           ; SOURCE LINE # 250
0062 D293              SETB    ADDR3
                                           ; SOURCE LINE # 251
0064 D292              SETB    ADDR2
                                           ; SOURCE LINE # 252
0066         ?C0069:
0066 C291              CLR     ADDR1
                                           ; SOURCE LINE # 253
0068         ?C0071:
0068 C290              CLR     ADDR0
                                           ; SOURCE LINE # 254
                                           ; SOURCE LINE # 255
                                           ; SOURCE LINE # 256
006A 8008              SJMP    ?C0073
                                           ; SOURCE LINE # 257
006C         ?C0048:
                                           ; SOURCE LINE # 258
006C D293              SETB    ADDR3
                                           ; SOURCE LINE # 259
006E D292              SETB    ADDR2
                                           ; SOURCE LINE # 260
0070         ?C0070:
0070 C291              CLR     ADDR1
                                           ; SOURCE LINE # 261
0072         ?C0072:
0072 D290              SETB    ADDR0
                                           ; SOURCE LINE # 262
0074         ?C0073:
0074 0500        R     INC     x
                                           ; SOURCE LINE # 263
0076 900000      R     MOV     DPTR,#LedChar
0079 E4                CLR     A
007A 93                MOVC    A,@A+DPTR
007B F580              MOV     P0,A
                                           ; SOURCE LINE # 264
007D 804C              SJMP    ?C0042
                                           ; SOURCE LINE # 267
007F         ?C0049:
                                           ; SOURCE LINE # 268
007F D293              SETB    ADDR3
                                           ; SOURCE LINE # 269
                                           ; SOURCE LINE # 270
                                           ; SOURCE LINE # 271
                                           ; SOURCE LINE # 272
                                           ; SOURCE LINE # 273
                                           ; SOURCE LINE # 274
C51 COMPILER V9.60.7.0   MAIN                                                              12/23/2023 15:27:54 PAGE 18  

0081 802E              SJMP    ?C0074
                                           ; SOURCE LINE # 277
0083         ?C0050:
                                           ; SOURCE LINE # 278
0083 C293              CLR     ADDR3
                                           ; SOURCE LINE # 279
0085 C292              CLR     ADDR2
                                           ; SOURCE LINE # 280
                                           ; SOURCE LINE # 281
                                           ; SOURCE LINE # 282
                                           ; SOURCE LINE # 283
                                           ; SOURCE LINE # 284
0087 8018              SJMP    ?C0075
                                           ; SOURCE LINE # 285
0089         ?C0051:
                                           ; SOURCE LINE # 286
0089 C293              CLR     ADDR3
                                           ; SOURCE LINE # 287
008B C292              CLR     ADDR2
                                           ; SOURCE LINE # 288
                                           ; SOURCE LINE # 289
                                           ; SOURCE LINE # 290
                                           ; SOURCE LINE # 291
                                           ; SOURCE LINE # 292
008D 801A              SJMP    ?C0076
                                           ; SOURCE LINE # 293
008F         ?C0052:
                                           ; SOURCE LINE # 294
008F C293              CLR     ADDR3
                                           ; SOURCE LINE # 295
0091 C292              CLR     ADDR2
                                           ; SOURCE LINE # 296
                                           ; SOURCE LINE # 297
                                           ; SOURCE LINE # 298
                                           ; SOURCE LINE # 299
                                           ; SOURCE LINE # 300
0093 801E              SJMP    ?C0077
                                           ; SOURCE LINE # 301
0095         ?C0053:
                                           ; SOURCE LINE # 302
0095 C293              CLR     ADDR3
                                           ; SOURCE LINE # 303
0097 C292              CLR     ADDR2
                                           ; SOURCE LINE # 304
0099 D291              SETB    ADDR1
                                           ; SOURCE LINE # 305
                                           ; SOURCE LINE # 306
                                           ; SOURCE LINE # 307
                                           ; SOURCE LINE # 308
009B 800E              SJMP    ?C0078
                                           ; SOURCE LINE # 309
009D         ?C0054:
                                           ; SOURCE LINE # 310
009D C293              CLR     ADDR3
                                           ; SOURCE LINE # 311
009F D292              SETB    ADDR2
                                           ; SOURCE LINE # 312
00A1         ?C0075:
00A1 C291              CLR     ADDR1
                                           ; SOURCE LINE # 313
                                           ; SOURCE LINE # 314
                                           ; SOURCE LINE # 315
C51 COMPILER V9.60.7.0   MAIN                                                              12/23/2023 15:27:54 PAGE 19  

                                           ; SOURCE LINE # 316
00A3 8010              SJMP    ?C0079
                                           ; SOURCE LINE # 317
00A5         ?C0055:
                                           ; SOURCE LINE # 318
00A5 C293              CLR     ADDR3
                                           ; SOURCE LINE # 319
00A7 D292              SETB    ADDR2
                                           ; SOURCE LINE # 320
00A9         ?C0076:
00A9 C291              CLR     ADDR1
                                           ; SOURCE LINE # 321
00AB         ?C0078:
00AB D290              SETB    ADDR0
                                           ; SOURCE LINE # 322
                                           ; SOURCE LINE # 323
                                           ; SOURCE LINE # 324
00AD 8008              SJMP    ?C0080
                                           ; SOURCE LINE # 325
00AF         ?C0056:
                                           ; SOURCE LINE # 326
00AF C293              CLR     ADDR3
                                           ; SOURCE LINE # 327
00B1         ?C0074:
00B1 D292              SETB    ADDR2
                                           ; SOURCE LINE # 328
00B3         ?C0077:
00B3 D291              SETB    ADDR1
                                           ; SOURCE LINE # 329
00B5         ?C0079:
00B5 C290              CLR     ADDR0
                                           ; SOURCE LINE # 330
00B7         ?C0080:
00B7 0500        R     INC     x
                                           ; SOURCE LINE # 331
00B9 E4                CLR     A
00BA F580              MOV     P0,A
                                           ; SOURCE LINE # 332
00BC 800D              SJMP    ?C0042
                                           ; SOURCE LINE # 333
00BE         ?C0057:
                                           ; SOURCE LINE # 334
00BE C293              CLR     ADDR3
                                           ; SOURCE LINE # 335
00C0 D292              SETB    ADDR2
                                           ; SOURCE LINE # 336
00C2 D291              SETB    ADDR1
                                           ; SOURCE LINE # 337
00C4 D290              SETB    ADDR0
                                           ; SOURCE LINE # 338
00C6 E4                CLR     A
00C7 F500        R     MOV     x,A
                                           ; SOURCE LINE # 339
00C9 F580              MOV     P0,A
                                           ; SOURCE LINE # 340
                                           ; SOURCE LINE # 341
                                           ; SOURCE LINE # 342
                                           ; SOURCE LINE # 343
00CB         ?C0042:
                                           ; SOURCE LINE # 344
00CB E4                CLR     A
00CC F500        R     MOV     i,A
C51 COMPILER V9.60.7.0   MAIN                                                              12/23/2023 15:27:54 PAGE 20  

00CE         ?C0059:
00CE 0500        R     INC     i
00D0 E500        R     MOV     A,i
00D2 D3                SETB    C
00D3 94C8              SUBB    A,#0C8H
00D5 40F7              JC      ?C0059
00D7         ?C0060:
                                           ; SOURCE LINE # 346
00D7 120000      R     LCALL   StartBuzz
                                           ; SOURCE LINE # 347
00DA 020000      R     LJMP    ?C0040
             ; FUNCTION all (END)

             ; FUNCTION StartBuzz (BEGIN)
                                           ; SOURCE LINE # 350
                                           ; SOURCE LINE # 351
                                           ; SOURCE LINE # 352
0000 B296              CPL     BUZZ
                                           ; SOURCE LINE # 353
0002 22                RET     
             ; FUNCTION StartBuzz (END)

             ; FUNCTION InterruptTimer0 (BEGIN)
0000 C0E0              PUSH    ACC
0002 C0F0              PUSH    B
0004 C083              PUSH    DPH
0006 C082              PUSH    DPL
0008 C0D0              PUSH    PSW
000A 75D000            MOV     PSW,#00H
000D C000              PUSH    AR0
000F C001              PUSH    AR1
0011 C002              PUSH    AR2
0013 C003              PUSH    AR3
0015 C004              PUSH    AR4
0017 C005              PUSH    AR5
0019 C006              PUSH    AR6
001B C007              PUSH    AR7
                                           ; SOURCE LINE # 356
                                           ; SOURCE LINE # 360
001D 758CF8            MOV     TH0,#0F8H
                                           ; SOURCE LINE # 361
0020 758ACD            MOV     TL0,#0CDH
                                           ; SOURCE LINE # 362
0023 120000      R     LCALL   LedScan
                                           ; SOURCE LINE # 363
0026 120000      R     LCALL   KeyScan
                                           ; SOURCE LINE # 365
0029 0500        R     INC     tmr2ms+01H
002B E500        R     MOV     A,tmr2ms+01H
002D 7002              JNZ     ?C0068
002F 0500        R     INC     tmr2ms
0031         ?C0068:
                                           ; SOURCE LINE # 366
0031 C3                CLR     C
0032 94F4              SUBB    A,#0F4H
0034 E500        R     MOV     A,tmr2ms
0036 9401              SUBB    A,#01H
0038 4009              JC      ?C0065
                                           ; SOURCE LINE # 367
003A 750000      R     MOV     tmr2ms,#00H
003D 750000      R     MOV     tmr2ms+01H,#00H
                                           ; SOURCE LINE # 368
C51 COMPILER V9.60.7.0   MAIN                                                              12/23/2023 15:27:54 PAGE 21  

0040 120000      R     LCALL   Count
                                           ; SOURCE LINE # 369
                                           ; SOURCE LINE # 370
0043         ?C0065:
0043 D007              POP     AR7
0045 D006              POP     AR6
0047 D005              POP     AR5
0049 D004              POP     AR4
004B D003              POP     AR3
004D D002              POP     AR2
004F D001              POP     AR1
0051 D000              POP     AR0
0053 D0D0              POP     PSW
0055 D082              POP     DPL
0057 D083              POP     DPH
0059 D0F0              POP     B
005B D0E0              POP     ACC
005D 32                RETI    
             ; FUNCTION InterruptTimer0 (END)

C51 COMPILER V9.60.7.0   MAIN                                                              12/23/2023 15:27:54 PAGE 22  

NAME                                    CLASS   MSPACE  TYPE    OFFSET  SIZE
====                                    =====   ======  ====    ======  ====


P0 . . . . . . . . . . . . . . . . . .  SFR      DATA   U_CHAR   0080H  1
P1 . . . . . . . . . . . . . . . . . .  SFR      DATA   U_CHAR   0090H  1
Load . . . . . . . . . . . . . . . . .  PUBLIC   CODE   PROC     0000H  -----
High . . . . . . . . . . . . . . . . .  PUBLIC   DATA   CHAR     000BH  1
P2 . . . . . . . . . . . . . . . . . .  SFR      DATA   U_CHAR   00A0H  1
P3 . . . . . . . . . . . . . . . . . .  SFR      DATA   U_CHAR   00B0H  1
T0 . . . . . . . . . . . . . . . . . .  ABSBIT   -----  BIT      00B4H  1
AC . . . . . . . . . . . . . . . . . .  ABSBIT   -----  BIT      00D6H  1
T1 . . . . . . . . . . . . . . . . . .  ABSBIT   -----  BIT      00B5H  1
Reset. . . . . . . . . . . . . . . . .  PUBLIC   CODE   PROC     0000H  -----
T2 . . . . . . . . . . . . . . . . . .  ABSBIT   -----  BIT      0090H  1
EA . . . . . . . . . . . . . . . . . .  ABSBIT   -----  BIT      00AFH  1
InterruptTimer0. . . . . . . . . . . .  PUBLIC   CODE   PROC     0000H  -----
  tmr2ms . . . . . . . . . . . . . . .  STATIC   DATA   U_INT    0009H  2
Count. . . . . . . . . . . . . . . . .  PUBLIC   CODE   PROC     0000H  -----
  i. . . . . . . . . . . . . . . . . .  AUTO     DATA   U_INT    0000H  2
IE . . . . . . . . . . . . . . . . . .  SFR      DATA   U_CHAR   00A8H  1
RunFLag. . . . . . . . . . . . . . . .  PUBLIC   DATA   BIT      0000H  1
EXF2 . . . . . . . . . . . . . . . . .  ABSBIT   -----  BIT      00CEH  1
RD . . . . . . . . . . . . . . . . . .  ABSBIT   -----  BIT      00B7H  1
LedChar. . . . . . . . . . . . . . . .  PUBLIC   CODE   ARRAY    0000H  16
ES . . . . . . . . . . . . . . . . . .  ABSBIT   -----  BIT      00ACH  1
IP . . . . . . . . . . . . . . . . . .  SFR      DATA   U_CHAR   00B8H  1
KeyDriver. . . . . . . . . . . . . . .  PUBLIC   CODE   PROC     0000H  -----
  i. . . . . . . . . . . . . . . . . .  AUTO     DATA   U_CHAR   0000H  1
  backup . . . . . . . . . . . . . . .  STATIC   DATA   ARRAY    0000H  4
Mid. . . . . . . . . . . . . . . . . .  PUBLIC   DATA   CHAR     000CH  1
KEY1 . . . . . . . . . . . . . . . . .  ABSBIT   -----  BIT      00A4H  1
RI . . . . . . . . . . . . . . . . . .  ABSBIT   -----  BIT      0098H  1
LedBuff. . . . . . . . . . . . . . . .  PUBLIC   DATA   ARRAY    000DH  6
KEY2 . . . . . . . . . . . . . . . . .  ABSBIT   -----  BIT      00A5H  1
INT0 . . . . . . . . . . . . . . . . .  ABSBIT   -----  BIT      00B2H  1
CY . . . . . . . . . . . . . . . . . .  ABSBIT   -----  BIT      00D7H  1
KEY3 . . . . . . . . . . . . . . . . .  ABSBIT   -----  BIT      00A6H  1
TI . . . . . . . . . . . . . . . . . .  ABSBIT   -----  BIT      0099H  1
INT1 . . . . . . . . . . . . . . . . .  ABSBIT   -----  BIT      00B3H  1
LedScan. . . . . . . . . . . . . . . .  PUBLIC   CODE   PROC     0000H  -----
  i. . . . . . . . . . . . . . . . . .  STATIC   DATA   U_CHAR   0008H  1
KEY4 . . . . . . . . . . . . . . . . .  ABSBIT   -----  BIT      00A7H  1
RCAP2H . . . . . . . . . . . . . . . .  SFR      DATA   U_CHAR   00CBH  1
PS . . . . . . . . . . . . . . . . . .  ABSBIT   -----  BIT      00BCH  1
SP . . . . . . . . . . . . . . . . . .  SFR      DATA   U_CHAR   0081H  1
T2EX . . . . . . . . . . . . . . . . .  ABSBIT   -----  BIT      0091H  1
OV . . . . . . . . . . . . . . . . . .  ABSBIT   -----  BIT      00D2H  1
RCAP2L . . . . . . . . . . . . . . . .  SFR      DATA   U_CHAR   00CAH  1
main . . . . . . . . . . . . . . . . .  PUBLIC   CODE   PROC     0000H  -----
C_T2 . . . . . . . . . . . . . . . . .  ABSBIT   -----  BIT      00C9H  1
WR . . . . . . . . . . . . . . . . . .  ABSBIT   -----  BIT      00B6H  1
RCLK . . . . . . . . . . . . . . . . .  ABSBIT   -----  BIT      00CDH  1
TCLK . . . . . . . . . . . . . . . . .  ABSBIT   -----  BIT      00CCH  1
SBUF . . . . . . . . . . . . . . . . .  SFR      DATA   U_CHAR   0099H  1
PCON . . . . . . . . . . . . . . . . .  SFR      DATA   U_CHAR   0087H  1
KeyScan. . . . . . . . . . . . . . . .  PUBLIC   CODE   PROC     0000H  -----
  i. . . . . . . . . . . . . . . . . .  * REG *  DATA   U_CHAR   0007H  1
  keybuf . . . . . . . . . . . . . . .  STATIC   DATA   ARRAY    0004H  4
Low. . . . . . . . . . . . . . . . . .  PUBLIC   DATA   CHAR     0013H  1
SCON . . . . . . . . . . . . . . . . .  SFR      DATA   U_CHAR   0098H  1
C51 COMPILER V9.60.7.0   MAIN                                                              12/23/2023 15:27:54 PAGE 23  

NAME                                    CLASS   MSPACE  TYPE    OFFSET  SIZE
====                                    =====   ======  ====    ======  ====


TMOD . . . . . . . . . . . . . . . . .  SFR      DATA   U_CHAR   0089H  1
TCON . . . . . . . . . . . . . . . . .  SFR      DATA   U_CHAR   0088H  1
all. . . . . . . . . . . . . . . . . .  PUBLIC   CODE   PROC     0000H  -----
  x. . . . . . . . . . . . . . . . . .  AUTO     DATA   U_CHAR   0000H  1
  i. . . . . . . . . . . . . . . . . .  AUTO     DATA   U_CHAR   0001H  1
IE0. . . . . . . . . . . . . . . . . .  ABSBIT   -----  BIT      0089H  1
StartBuzz. . . . . . . . . . . . . . .  PUBLIC   CODE   PROC     0000H  -----
IE1. . . . . . . . . . . . . . . . . .  ABSBIT   -----  BIT      008BH  1
B. . . . . . . . . . . . . . . . . . .  SFR      DATA   U_CHAR   00F0H  1
CP_RL2 . . . . . . . . . . . . . . . .  ABSBIT   -----  BIT      00C8H  1
ACC. . . . . . . . . . . . . . . . . .  SFR      DATA   U_CHAR   00E0H  1
ET0. . . . . . . . . . . . . . . . . .  ABSBIT   -----  BIT      00A9H  1
ET1. . . . . . . . . . . . . . . . . .  ABSBIT   -----  BIT      00ABH  1
TF0. . . . . . . . . . . . . . . . . .  ABSBIT   -----  BIT      008DH  1
ET2. . . . . . . . . . . . . . . . . .  ABSBIT   -----  BIT      00ADH  1
TF1. . . . . . . . . . . . . . . . . .  ABSBIT   -----  BIT      008FH  1
BUZZ . . . . . . . . . . . . . . . . .  ABSBIT   -----  BIT      0096H  1
ADDR0. . . . . . . . . . . . . . . . .  ABSBIT   -----  BIT      0090H  1
TF2. . . . . . . . . . . . . . . . . .  ABSBIT   -----  BIT      00CFH  1
RB8. . . . . . . . . . . . . . . . . .  ABSBIT   -----  BIT      009AH  1
TH0. . . . . . . . . . . . . . . . . .  SFR      DATA   U_CHAR   008CH  1
ADDR1. . . . . . . . . . . . . . . . .  ABSBIT   -----  BIT      0091H  1
EX0. . . . . . . . . . . . . . . . . .  ABSBIT   -----  BIT      00A8H  1
IT0. . . . . . . . . . . . . . . . . .  ABSBIT   -----  BIT      0088H  1
TH1. . . . . . . . . . . . . . . . . .  SFR      DATA   U_CHAR   008DH  1
ADDR2. . . . . . . . . . . . . . . . .  ABSBIT   -----  BIT      0092H  1
TB8. . . . . . . . . . . . . . . . . .  ABSBIT   -----  BIT      009BH  1
EX1. . . . . . . . . . . . . . . . . .  ABSBIT   -----  BIT      00AAH  1
IT1. . . . . . . . . . . . . . . . . .  ABSBIT   -----  BIT      008AH  1
TH2. . . . . . . . . . . . . . . . . .  SFR      DATA   U_CHAR   00CDH  1
ADDR3. . . . . . . . . . . . . . . . .  ABSBIT   -----  BIT      0093H  1
P. . . . . . . . . . . . . . . . . . .  ABSBIT   -----  BIT      00D0H  1
SM0. . . . . . . . . . . . . . . . . .  ABSBIT   -----  BIT      009FH  1
TL0. . . . . . . . . . . . . . . . . .  SFR      DATA   U_CHAR   008AH  1
SM1. . . . . . . . . . . . . . . . . .  ABSBIT   -----  BIT      009EH  1
TL1. . . . . . . . . . . . . . . . . .  SFR      DATA   U_CHAR   008BH  1
SM2. . . . . . . . . . . . . . . . . .  ABSBIT   -----  BIT      009DH  1
TL2. . . . . . . . . . . . . . . . . .  SFR      DATA   U_CHAR   00CCH  1
Refresh. . . . . . . . . . . . . . . .  PUBLIC   DATA   BIT      0001H  1
KeySta . . . . . . . . . . . . . . . .  PUBLIC   DATA   ARRAY    0014H  4
PT0. . . . . . . . . . . . . . . . . .  ABSBIT   -----  BIT      00B9H  1
PT1. . . . . . . . . . . . . . . . . .  ABSBIT   -----  BIT      00BBH  1
RS0. . . . . . . . . . . . . . . . . .  ABSBIT   -----  BIT      00D3H  1
PT2. . . . . . . . . . . . . . . . . .  ABSBIT   -----  BIT      00BDH  1
TR0. . . . . . . . . . . . . . . . . .  ABSBIT   -----  BIT      008CH  1
RS1. . . . . . . . . . . . . . . . . .  ABSBIT   -----  BIT      00D4H  1
TR1. . . . . . . . . . . . . . . . . .  ABSBIT   -----  BIT      008EH  1
TR2. . . . . . . . . . . . . . . . . .  ABSBIT   -----  BIT      00CAH  1
PX0. . . . . . . . . . . . . . . . . .  ABSBIT   -----  BIT      00B8H  1
PX1. . . . . . . . . . . . . . . . . .  ABSBIT   -----  BIT      00BAH  1
DPH. . . . . . . . . . . . . . . . . .  SFR      DATA   U_CHAR   0083H  1
DPL. . . . . . . . . . . . . . . . . .  SFR      DATA   U_CHAR   0082H  1
EXEN2. . . . . . . . . . . . . . . . .  ABSBIT   -----  BIT      00CBH  1
REN. . . . . . . . . . . . . . . . . .  ABSBIT   -----  BIT      009CH  1
T2CON. . . . . . . . . . . . . . . . .  SFR      DATA   U_CHAR   00C8H  1
ENLED. . . . . . . . . . . . . . . . .  ABSBIT   -----  BIT      0094H  1
RXD. . . . . . . . . . . . . . . . . .  ABSBIT   -----  BIT      00B0H  1
C51 COMPILER V9.60.7.0   MAIN                                                              12/23/2023 15:27:54 PAGE 24  

NAME                                    CLASS   MSPACE  TYPE    OFFSET  SIZE
====                                    =====   ======  ====    ======  ====


TXD. . . . . . . . . . . . . . . . . .  ABSBIT   -----  BIT      00B1H  1
F0 . . . . . . . . . . . . . . . . . .  ABSBIT   -----  BIT      00D5H  1
PSW. . . . . . . . . . . . . . . . . .  SFR      DATA   U_CHAR   00D0H  1


MODULE INFORMATION:   STATIC OVERLAYABLE
   CODE SIZE        =    851    ----
   CONSTANT SIZE    =     16    ----
   XDATA SIZE       =   ----    ----
   PDATA SIZE       =   ----    ----
   DATA SIZE        =     24       5
   IDATA SIZE       =   ----    ----
   BIT SIZE         =      2    ----
   EDATA SIZE       =   ----    ----
   HDATA SIZE       =   ----    ----
   XDATA CONST SIZE =   ----    ----
   FAR CONST SIZE   =   ----    ----
END OF MODULE INFORMATION.


C51 COMPILATION COMPLETE.  0 WARNING(S),  0 ERROR(S)
